/home/yuri/projects/ss/node_modules/pg/lib/client.js:545
          Error.captureStackTrace(err)
                ^

error: column "payload" does not exist
    at /home/yuri/projects/ss/node_modules/pg/lib/client.js:545:17
    at process.processTicksAndRejections (node:internal/process/task_queues:105:5)
    at async db (file:///home/yuri/projects/ss/qa-artifacts/run-a-20260710-232201/live-continue.mjs:9:234)
    at async file:///home/yuri/projects/ss/qa-artifacts/run-a-20260710-232201/live-continue.mjs:14:625 {
  length: 107,
  severity: 'ERROR',
  code: '42703',
  detail: undefined,
  hint: undefined,
  position: '19',
  internalPosition: undefined,
  internalQuery: undefined,
  where: undefined,
  schema: undefined,
  table: undefined,
  column: undefined,
  dataType: undefined,
  constraint: undefined,
  file: 'parse_relation.c',
  line: '3722',
  routine: 'errorMissingColumn'
}

Node.js v22.19.0
